<?xml version="1.0" encoding="UTF-8"?>
<!-- Generated by org.testng.reporters.JUnitReportReporter -->
<testsuite hostname="LAPTOP-P4EEPPJ9" name="com.test.FlightsPageTest" tests="23" failures="0" timestamp="9 Jul 2017 19:12:36 GMT" time="23.170" errors="0">
  <testcase name="takeResultsSnapShot" time="0.412" classname="com.test.FlightsPageTest"/>
  <testcase name="testPickNumberofKids" time="0.224" classname="com.test.FlightsPageTest"/>
  <testcase name="testPickNumberofAdults" time="1.176" classname="com.test.FlightsPageTest"/>
  <testcase name="testPickFlightOrigin" time="0.324" classname="com.test.FlightsPageTest"/>
  <testcase name="takeOptionsSnapshot" time="0.600" classname="com.test.FlightsPageTest"/>
  <testcase name="testClickAdvancedOptionsLink" time="0.292" classname="com.test.FlightsPageTest"/>
  <testcase name="testPickKid3Age" time="0.244" classname="com.test.FlightsPageTest"/>
  <testcase name="testPickFlightDestination" time="0.324" classname="com.test.FlightsPageTest"/>
  <testcase name="testSelectPreferredAirline" time="0.184" classname="com.test.FlightsPageTest"/>
  <testcase name="testPickKid4Age" time="0.232" classname="com.test.FlightsPageTest"/>
  <testcase name="pickLapOrSeat" time="0.220" classname="com.test.FlightsPageTest"/>
  <testcase name="testSelectNonStopFlight" time="0.892" classname="com.test.FlightsPageTest"/>
  <testcase name="testPickFlightReturningDate" time="0.948" classname="com.test.FlightsPageTest"/>
  <testcase name="testPickKid2Age" time="0.314" classname="com.test.FlightsPageTest"/>
  <testcase name="testSelectRefundableFlight" time="0.216" classname="com.test.FlightsPageTest"/>
  <testcase name="TestCountSearchResults" time="0.096" classname="com.test.FlightsPageTest"/>
  <testcase name="testSelectPreferredAirlineClass" time="0.156" classname="com.test.FlightsPageTest"/>
  <testcase name="testPickFlightDepartingDate" time="0.352" classname="com.test.FlightsPageTest"/>
  <testcase name="testPickKid1Age" time="0.316" classname="com.test.FlightsPageTest"/>
  <testcase name="testClickFlightsLink" time="1.412" classname="com.test.FlightsPageTest"/>
  <testcase name="testClearFlightDestination" time="2.228" classname="com.test.FlightsPageTest"/>
  <testcase name="testClickSearchButton" time="11.880" classname="com.test.FlightsPageTest"/>
  <testcase name="testClearFlightOrigin" time="0.128" classname="com.test.FlightsPageTest"/>
</testsuite> <!-- com.test.FlightsPageTest -->
